[    1456ms] [ERROR] A tree hydrated but some attributes of the server rendered HTML didn't match the client properties. This won't be patched up. This can happen if a SSR-ed Client Component used:

- A server/client branch `if (typeof window !== 'undefined')`.
- Variable input such as `Date.now()` or `Math.random()` which changes each time it's called.
- Date formatting in a user's locale which doesn't match the server.
- External changing data without sending a snapshot of it along with the HTML.
- Invalid HTML tag nesting.

It can also happen if the client has a browser extension installed which messes with the HTML before React loaded.

%s%s https://react.dev/link/hydration-mismatch 

  ...
    <div className="flex h-scr...">
      ...
        <SelectCollectionProvider scope={undefined}>
          <SelectCollectionProviderProvider scope={undefined} itemMap={Map} collectionRef={{current:null}}>
            <SelectProvider scope={undefined} onNativeOptionAdd={function Select.useCallback} ...>
              <SelectTrigger className="h-8 text-xs">
                <SelectTrigger data-slot="select-tri..." data-size="default" className={"border-i..."}>
                  <PopperAnchor asChild={true} __scopePopper={{Popper:[...]}}>
                    <Primitive.div asChild={true} ref={function}>
                      <Primitive.div.Slot ref={function}>
                        <Primitive.div.SlotClone ref={function}>
                          <Primitive.button type="button" role="combobox" aria-controls="radix-_R_i..." ...>
                            <button
                              type="button"
                              role="combobox"
+                             aria-controls="radix-_R_indlb_"
-                             aria-controls="radix-_R_16itmlb_"
                              aria-expanded={false}
                              aria-required={undefined}
                              aria-autocomplete="none"
                              dir="ltr"
                              data-state="closed"
                              disabled={false}
                              data-disabled={undefined}
                              data-placeholder={undefined}
                              data-slot="select-trigger"
                              data-size="default"
                              className={"border-input data-[placeholder]:text-muted-foreground [&_svg:not([class*='t..."}
                              onClick={function handleEvent}
                              onPointerDown={function handleEvent}
                              onKeyDown={function handleEvent}
                              ref={function}
                            >
              ...
        ...
      <div className="flex flex-...">
        <Header role="admin" permissions={{...}} actions={<Suspense>}>
          <header className="sticky top...">
            <MobileNav>
            <SearchTrigger>
            ...
              <DropdownMenuTrigger data-slot="dropdown-m..." asChild={true}>
                <MenuAnchor asChild={true} __scopeMenu={{Menu:[...], ...}}>
                  <PopperAnchor __scopePopper={{Menu:[...], ...}} asChild={true} ref={null}>
                    <Primitive.div asChild={true} ref={function}>
                      <Primitive.div.Slot ref={function}>
                        <Primitive.div.SlotClone ref={function}>
                          <Primitive.button type="button" id="radix-_R_j..." aria-haspopup="menu" aria-expanded={false} ...>
                            <Primitive.button.Slot type="button" id="radix-_R_j..." aria-haspopup="menu" ...>
                              <Primitive.button.SlotClone type="button" id="radix-_R_j..." aria-haspopup="menu" ...>
                                <Button variant="ghost" className="relative h..." type="button" id="radix-_R_j..." ...>
                                  <button
                                    data-slot="dropdown-menu-trigger"
                                    data-variant="ghost"
                                    data-size="default"
                                    className={"inline-flex items-center justify-center gap-2 whitespace-nowrap text-..."}
                                    type="button"
+                                   id="radix-_R_jcndlb_"
-                                   id="radix-_R_16qitmlb_"
                                    aria-haspopup="menu"
                                    aria-expanded={false}
                                    aria-controls={undefined}
                                    data-state="closed"
                                    data-disabled={undefined}
                                    disabled={false}
                                    onPointerDown={function handleEvent}
                                    onKeyDown={function handleEvent}
                                    ref={function}
                                  >
            <CommandSearch>
              <CommandDialog open={false} onOpenChange={function bound dispatchSetState}>
                <Dialog open={false} onOpenChange={function bound dispatchSetState}>
                  <Dialog data-slot="dialog" open={false} onOpenChange={function bound dispatchSetState}>
                    <DialogProvider scope={undefined} triggerRef={{current:null}} contentRef={{current:null}} ...>
                      <DialogHeader className="sr-only">
                        <div data-slot="dialog-header" className="flex flex-...">
                          <DialogTitle>
                            <DialogTitle data-slot="dialog-title" className="text-lg le...">
                              <Primitive.h2 id="radix-_R_4..." data-slot="dialog-title" className="text-lg le..." ...>
                                <h2
+                                 id="radix-_R_4cndlbH1_"
-                                 id="radix-_R_8qitmlbH1_"
                                  data-slot="dialog-title"
                                  className="text-lg leading-none font-semibold"
                                  ref={null}
                                >
+                                 Command Palette
                          <DialogDescription>
                            <DialogDescription data-slot="dialog-des..." className="text-muted...">
                              <Primitive.p id="radix-_R_4..." data-slot="dialog-des..." className="text-muted..." ...>
                                <p
+                                 id="radix-_R_4cndlbH2_"
-                                 id="radix-_R_8qitmlbH2_"
                                  data-slot="dialog-description"
                                  className="text-muted-foreground text-sm"
                                  ref={null}
                                >
+                                 Search for a command to run...
                      ...
        ...
 @ http://localhost:3001/_next/static/chunks/3ab26_next_dist_3b6b9877._.js:3127
[    1499ms] [ERROR] A tree hydrated but some attributes of the server rendered HTML didn't match the client properties. This won't be patched up. This can happen if a SSR-ed Client Component used:

- A server/client branch `if (typeof window !== 'undefined')`.
- Variable input such as `Date.now()` or `Math.random()` which changes each time it's called.
- Date formatting in a user's locale which doesn't match the server.
- External changing data without sending a snapshot of it along with the HTML.
- Invalid HTML tag nesting.

It can also happen if the client has a browser extension installed which messes with the HTML before React loaded.

%s%s https://react.dev/link/hydration-mismatch 

  ...
    <div className="space-y-4">
      <div className="flex flex-...">
        ...
          <SelectCollectionProvider scope={undefined}>
            <SelectCollectionProviderProvider scope={undefined} itemMap={Map} collectionRef={{current:null}}>
              <SelectProvider scope={undefined} onNativeOptionAdd={function Select.useCallback} ...>
                <SelectTrigger className="w-[160px] h-9">
                  <SelectTrigger data-slot="select-tri..." data-size="default" className={"border-i..."}>
                    <PopperAnchor asChild={true} __scopePopper={{Popper:[...]}}>
                      <Primitive.div asChild={true} ref={function}>
                        <Primitive.div.Slot ref={function}>
                          <Primitive.div.SlotClone ref={function}>
                            <Primitive.button type="button" role="combobox" aria-controls="radix-_R_6..." ...>
                              <button
                                type="button"
                                role="combobox"
+                               aria-controls="radix-_R_6bpbn5rkndlb_"
-                               aria-controls="radix-_R_cninebnaitmlb_"
                                aria-expanded={false}
                                aria-required={undefined}
                                aria-autocomplete="none"
                                dir="ltr"
                                data-state="closed"
                                disabled={false}
                                data-disabled={undefined}
                                data-placeholder={undefined}
                                data-slot="select-trigger"
                                data-size="default"
                                className={"border-input data-[placeholder]:text-muted-foreground [&_svg:not([class*=..."}
                                onClick={function handleEvent}
                                onPointerDown={function handleEvent}
                                onKeyDown={function handleEvent}
                                ref={function}
                              >
                ...
        ...
          <DropdownMenuTrigger asChild={true}>
            <DropdownMenuTrigger data-slot="dropdown-m..." asChild={true}>
              <MenuAnchor asChild={true} __scopeMenu={{Menu:[...], ...}}>
                <PopperAnchor __scopePopper={{Menu:[...], ...}} asChild={true} ref={null}>
                  <Primitive.div asChild={true} ref={function}>
                    <Primitive.div.Slot ref={function}>
                      <Primitive.div.SlotClone ref={function}>
                        <Primitive.button type="button" id="radix-_R_1..." aria-haspopup="menu" aria-expanded={false} ...>
                          <Primitive.button.Slot type="button" id="radix-_R_1..." aria-haspopup="menu" ...>
                            <Primitive.button.SlotClone type="button" id="radix-_R_1..." aria-haspopup="menu" ...>
                              <Button variant="outline" size="sm" className="h-9" type="button" id="radix-_R_1..." ...>
                                <button
                                  data-slot="dropdown-menu-trigger"
                                  data-variant="outline"
                                  data-size="sm"
                                  className={"inline-flex items-center justify-center whitespace-nowrap text-sm font-..."}
                                  type="button"
+                                 id="radix-_R_1jpbn5rkndlb_"
-                                 id="radix-_R_37inebnaitmlb_"
                                  aria-haspopup="menu"
                                  aria-expanded={false}
                                  aria-controls={undefined}
                                  data-state="closed"
                                  data-disabled={undefined}
                                  disabled={false}
                                  onPointerDown={function handleEvent}
                                  onKeyDown={function handleEvent}
                                  ref={function}
                                >
          ...
      <Card>
      ...
        <SelectCollectionProvider scope={undefined}>
          <SelectCollectionProviderProvider scope={undefined} itemMap={Map} collectionRef={{current:null}}>
            <SelectProvider scope={undefined} onNativeOptionAdd={function Select.useCallback} ...>
              <SelectTrigger className="h-8 w-[70px]">
                <SelectTrigger data-slot="select-tri..." data-size="default" className={"border-i..."}>
                  <PopperAnchor asChild={true} __scopePopper={{Popper:[...]}}>
                    <Primitive.div asChild={true} ref={function}>
                      <Primitive.div.Slot ref={function}>
                        <Primitive.div.SlotClone ref={function}>
                          <Primitive.button type="button" role="combobox" aria-controls="radix-_R_a..." ...>
                            <button
                              type="button"
                              role="combobox"
+                             aria-controls="radix-_R_afpbn5rkndlb_"
-                             aria-controls="radix-_R_kvinebnaitmlb_"
                              aria-expanded={false}
                              aria-required={undefined}
                              aria-autocomplete="none"
                              dir="ltr"
                              data-state="closed"
                              disabled={false}
                              data-disabled={undefined}
                              data-placeholder={undefined}
                              data-slot="select-trigger"
                              data-size="default"
                              className={"border-input data-[placeholder]:text-muted-foreground [&_svg:not([class*='t..."}
                              onClick={function handleEvent}
                              onPointerDown={function handleEvent}
                              onKeyDown={function handleEvent}
                              ref={function}
                            >
              ...
        ...
 @ http://localhost:3001/_next/static/chunks/3ab26_next_dist_3b6b9877._.js:3127
[    1700ms] [ERROR] A tree hydrated but some attributes of the server rendered HTML didn't match the client properties. This won't be patched up. This can happen if a SSR-ed Client Component used:

- A server/client branch `if (typeof window !== 'undefined')`.
- Variable input such as `Date.now()` or `Math.random()` which changes each time it's called.
- Date formatting in a user's locale which doesn't match the server.
- External changing data without sending a snapshot of it along with the HTML.
- Invalid HTML tag nesting.

It can also happen if the client has a browser extension installed which messes with the HTML before React loaded.

%s%s https://react.dev/link/hydration-mismatch 

  ...
    <Popper __scopePopper={{Popper:[...]}}>
      <PopperProvider scope={{Popper:[...]}} anchor={null} onAnchorChange={function bound dispatchSetState}>
        <PopoverProvider scope={undefined} contentId="radix-_R_b..." triggerRef={{current:null}} open={false} ...>
          <PopoverTrigger asChild={true}>
            <PopoverTrigger data-slot="popover-tr..." asChild={true}>
              <PopperAnchor asChild={true} __scopePopper={{Popper:[...]}}>
                <Primitive.div asChild={true} ref={function}>
                  <Primitive.div.Slot ref={function}>
                    <Primitive.div.SlotClone ref={function}>
                      <Primitive.button type="button" aria-haspopup="dialog" aria-expanded={false} ...>
                        <Primitive.button.Slot type="button" aria-haspopup="dialog" aria-expanded={false} ...>
                          <Primitive.button.SlotClone type="button" aria-haspopup="dialog" aria-expanded={false} ...>
                            <Button variant="ghost" size="icon" className="relative h..." aria-label="Notifications" ...>
                              <button
                                data-slot="popover-trigger"
                                data-variant="ghost"
                                data-size="icon"
                                className={"inline-flex items-center justify-center gap-2 whitespace-nowrap rounded-m..."}
                                aria-label="Notifications"
                                type="button"
                                aria-haspopup="dialog"
                                aria-expanded={false}
+                               aria-controls="radix-_R_bcndlb_"
-                               aria-controls="radix-_R_mqitmlb_"
                                data-state="closed"
                                onClick={function handleEvent}
                                ref={function}
                              >
          ...
 @ http://localhost:3001/_next/static/chunks/3ab26_next_dist_3b6b9877._.js:3127
