[    1820ms] [ERROR] Access to fetch at 'http://localhost:3001/api/auth/me' from origin 'http://localhost:3000' has been blocked by CORS policy: No 'Access-Control-Allow-Origin' header is present on the requested resource. @ http://localhost:3000/login:0
[    1821ms] [ERROR] Failed to load resource: net::ERR_FAILED @ http://localhost:3001/api/auth/me:0
[    1821ms] [ERROR] API GET error: TypeError: Failed to fetch
    at makeRequest (http://localhost:3000/_next/static/chunks/Desktop_Invoice_d9bb6e2c._.js:234:20)
    at APIClient.request (http://localhost:3000/_next/static/chunks/Desktop_Invoice_d9bb6e2c._.js:243:34)
    at APIClient.get (http://localhost:3000/_next/static/chunks/Desktop_Invoice_d9bb6e2c._.js:335:21)
    at AuthProvider.useCallback[refreshUser] (http://localhost:3000/_next/static/chunks/Desktop_Invoice_d9bb6e2c._.js:515:217)
    at AuthProvider.useEffect (http://localhost:3000/_next/static/chunks/Desktop_Invoice_d9bb6e2c._.js:582:13)
    at Object.react_stack_bottom_frame (http://localhost:3000/_next/static/chunks/718a9_next_dist_compiled_react-dom_ec378a27._.js:14866:22)
    at runWithFiberInDEV (http://localhost:3000/_next/static/chunks/718a9_next_dist_compiled_react-dom_ec378a27._.js:959:74)
    at commitHookEffectListMount (http://localhost:3000/_next/static/chunks/718a9_next_dist_compiled_react-dom_ec378a27._.js:7260:167)
    at commitHookPassiveMountEffects (http://localhost:3000/_next/static/chunks/718a9_next_dist_compiled_react-dom_ec378a27._.js:7295:60)
    at commitPassiveMountOnFiber (http://localhost:3000/_next/static/chunks/718a9_next_dist_compiled_react-dom_ec378a27._.js:8690:33)
    at recursivelyTraversePassiveMountEffects (http://localhost:3000/_next/static/chunks/718a9_next_dist_compiled_react-dom_ec378a27._.js:8677:316)
    at commitPassiveMountOnFiber (http://localhost:3000/_next/static/chunks/718a9_next_dist_compiled_react-dom_ec378a27._.js:8751:17)
    at recursivelyTraversePassiveMountEffects (http://localhost:3000/_next/static/chunks/718a9_next_dist_compiled_react-dom_ec378a27._.js:8677:316)
    at commitPassiveMountOnFiber (http://localhost:3000/_next/static/chunks/718a9_next_dist_compiled_react-dom_ec378a27._.js:8689:17)
    at recursivelyTraversePassiveMountEffects (http://localhost:3000/_next/static/chunks/718a9_next_dist_compiled_react-dom_ec378a27._.js:8677:316)
    at commitPassiveMountOnFiber (http://localhost:3000/_next/static/chunks/718a9_next_dist_compiled_react-dom_ec378a27._.js:8689:17)
    at recursivelyTraversePassiveMountEffects (http://localhost:3000/_next/static/chunks/718a9_next_dist_compiled_react-dom_ec378a27._.js:8677:316)
    at commitPassiveMountOnFiber (http://localhost:3000/_next/static/chunks/718a9_next_dist_compiled_react-dom_ec378a27._.js:8689:17)
    at recursivelyTraversePassiveMountEffects (http://localhost:3000/_next/static/chunks/718a9_next_dist_compiled_react-dom_ec378a27._.js:8677:316)
    at commitPassiveMountOnFiber (http://localhost:3000/_next/static/chunks/718a9_next_dist_compiled_react-dom_ec378a27._.js:8751:17)
    at recursivelyTraversePassiveMountEffects (http://localhost:3000/_next/static/chunks/718a9_next_dist_compiled_react-dom_ec378a27._.js:8677:316)
    at commitPassiveMountOnFiber (http://localhost:3000/_next/static/chunks/718a9_next_dist_compiled_react-dom_ec378a27._.js:8751:17)
    at recursivelyTraversePassiveMountEffects (http://localhost:3000/_next/static/chunks/718a9_next_dist_compiled_react-dom_ec378a27._.js:8677:316)
    at commitPassiveMountOnFiber (http://localhost:3000/_next/static/chunks/718a9_next_dist_compiled_react-dom_ec378a27._.js:8751:17)
    at recursivelyTraversePassiveMountEffects (http://localhost:3000/_next/static/chunks/718a9_next_dist_compiled_react-dom_ec378a27._.js:8677:316)
    at commitPassiveMountOnFiber (http://localhost:3000/_next/static/chunks/718a9_next_dist_compiled_react-dom_ec378a27._.js:8689:17)
    at recursivelyTraversePassiveMountEffects (http://localhost:3000/_next/static/chunks/718a9_next_dist_compiled_react-dom_ec378a27._.js:8677:316)
    at commitPassiveMountOnFiber (http://localhost:3000/_next/static/chunks/718a9_next_dist_compiled_react-dom_ec378a27._.js:8689:17)
    at recursivelyTraversePassiveMountEffects (http://localhost:3000/_next/static/chunks/718a9_next_dist_compiled_react-dom_ec378a27._.js:8677:316)
    at commitPassiveMountOnFiber (http://localhost:3000/_next/static/chunks/718a9_next_dist_compiled_react-dom_ec378a27._.js:8694:17)
    at recursivelyTraversePassiveMountEffects (http://localhost:3000/_next/static/chunks/718a9_next_dist_compiled_react-dom_ec378a27._.js:8677:316)
    at commitPassiveMountOnFiber (http://localhost:3000/_next/static/chunks/718a9_next_dist_compiled_react-dom_ec378a27._.js:8689:17)
    at recursivelyTraversePassiveMountEffects (http://localhost:3000/_next/static/chunks/718a9_next_dist_compiled_react-dom_ec378a27._.js:8677:316)
    at commitPassiveMountOnFiber (http://localhost:3000/_next/static/chunks/718a9_next_dist_compiled_react-dom_ec378a27._.js:8694:17)
    at recursivelyTraversePassiveMountEffects (http://localhost:3000/_next/static/chunks/718a9_next_dist_compiled_react-dom_ec378a27._.js:8677:316)
    at commitPassiveMountOnFiber (http://localhost:3000/_next/static/chunks/718a9_next_dist_compiled_react-dom_ec378a27._.js:8689:17)
    at recursivelyTraversePassiveMountEffects (http://localhost:3000/_next/static/chunks/718a9_next_dist_compiled_react-dom_ec378a27._.js:8677:316)
    at commitPassiveMountOnFiber (http://localhost:3000/_next/static/chunks/718a9_next_dist_compiled_react-dom_ec378a27._.js:8689:17)
    at recursivelyTraversePassiveMountEffects (http://localhost:3000/_next/static/chunks/718a9_next_dist_compiled_react-dom_ec378a27._.js:8677:316)
    at commitPassiveMountOnFiber (http://localhost:3000/_next/static/chunks/718a9_next_dist_compiled_react-dom_ec378a27._.js:8694:17)
    at recursivelyTraversePassiveMountEffects (http://localhost:3000/_next/static/chunks/718a9_next_dist_compiled_react-dom_ec378a27._.js:8677:316)
    at commitPassiveMountOnFiber (http://localhost:3000/_next/static/chunks/718a9_next_dist_compiled_react-dom_ec378a27._.js:8689:17)
    at recursivelyTraversePassiveMountEffects (http://localhost:3000/_next/static/chunks/718a9_next_dist_compiled_react-dom_ec378a27._.js:8677:316)
    at commitPassiveMountOnFiber (http://localhost:3000/_next/static/chunks/718a9_next_dist_compiled_react-dom_ec378a27._.js:8751:17)
    at recursivelyTraversePassiveMountEffects (http://localhost:3000/_next/static/chunks/718a9_next_dist_compiled_react-dom_ec378a27._.js:8677:316)
    at commitPassiveMountOnFiber (http://localhost:3000/_next/static/chunks/718a9_next_dist_compiled_react-dom_ec378a27._.js:8751:17)
    at recursivelyTraversePassiveMountEffects (http://localhost:3000/_next/static/chunks/718a9_next_dist_compiled_react-dom_ec378a27._.js:8677:316)
    at commitPassiveMountOnFiber (http://localhost:3000/_next/static/chunks/718a9_next_dist_compiled_react-dom_ec378a27._.js:8751:17)
    at recursivelyTraversePassiveMountEffects (http://localhost:3000/_next/static/chunks/718a9_next_dist_compiled_react-dom_ec378a27._.js:8677:316)
    at commitPassiveMountOnFiber (http://localhost:3000/_next/static/chunks/718a9_next_dist_compiled_react-dom_ec378a27._.js:8751:17) @ http://localhost:3000/_next/static/chunks/718a9_next_dist_193fa0d2._.js:3117
[   11358ms] [ERROR] Access to fetch at 'http://localhost:3001/api/auth/login' from origin 'http://localhost:3000' has been blocked by CORS policy: Response to preflight request doesn't pass access control check: No 'Access-Control-Allow-Origin' header is present on the requested resource. @ http://localhost:3000/login:0
[   11358ms] [ERROR] Failed to load resource: net::ERR_FAILED @ http://localhost:3001/api/auth/login:0
[   11358ms] [ERROR] API POST error: TypeError: Failed to fetch
    at makeRequest (http://localhost:3000/_next/static/chunks/Desktop_Invoice_d9bb6e2c._.js:234:20)
    at APIClient.request (http://localhost:3000/_next/static/chunks/Desktop_Invoice_d9bb6e2c._.js:243:34)
    at APIClient.post (http://localhost:3000/_next/static/chunks/Desktop_Invoice_d9bb6e2c._.js:341:21)
    at AuthProvider.useCallback[login] (http://localhost:3000/_next/static/chunks/Desktop_Invoice_d9bb6e2c._.js:590:217)
    at handleSubmit (http://localhost:3000/_next/static/chunks/Desktop_Invoice_50af26e6._.js:3688:30)
    at executeDispatch (http://localhost:3000/_next/static/chunks/718a9_next_dist_compiled_react-dom_ec378a27._.js:10308:13)
    at runWithFiberInDEV (http://localhost:3000/_next/static/chunks/718a9_next_dist_compiled_react-dom_ec378a27._.js:959:74)
    at processDispatchQueue (http://localhost:3000/_next/static/chunks/718a9_next_dist_compiled_react-dom_ec378a27._.js:10334:41)
    at http://localhost:3000/_next/static/chunks/718a9_next_dist_compiled_react-dom_ec378a27._.js:10609:13
    at batchedUpdates$1 (http://localhost:3000/_next/static/chunks/718a9_next_dist_compiled_react-dom_ec378a27._.js:2247:44)
    at dispatchEventForPluginEventSystem (http://localhost:3000/_next/static/chunks/718a9_next_dist_compiled_react-dom_ec378a27._.js:10410:9)
    at dispatchEvent (http://localhost:3000/_next/static/chunks/718a9_next_dist_compiled_react-dom_ec378a27._.js:12925:37)
    at dispatchDiscreteEvent (http://localhost:3000/_next/static/chunks/718a9_next_dist_compiled_react-dom_ec378a27._.js:12907:64) @ http://localhost:3000/_next/static/chunks/718a9_next_dist_193fa0d2._.js:3117
